<?xml version="1.0" encoding="UTF-8"?>
<!-- Generated by org.testng.reporters.JUnitXMLReporter -->
<testsuite hostname="windows-PC" ignored="0" name="FirefoxTest" tests="1" failures="0" timestamp="16 Jan 2018 09:26:12 GMT" time="0.005" errors="0">
  <testcase name="@BeforeTest init" time="0.0" classname="com.gicrm.selenium.GicrmMainUAT">
    <failure type="org.testng.TestNGException" message="
Parameter &amp;apos;url&amp;apos; is required by BeforeTest on method init but has not been marked @Optional or defined
in E:\selenium_projects\GICRM_Selenium\testNG.xml">
      <![CDATA[org.testng.TestNGException: Parameter 'url' is required by BeforeTest on method init but has not been marked @Optional or definedin E:\selenium_projects\GICRM_Selenium\testNG.xml... Removed 21 stack frames]]>
    </failure>
  </testcase> <!-- @BeforeTest init -->
  <testcase name="login" time="0.0" classname="com.gicrm.selenium.GicrmMainUAT">
    <skipped/>
  </testcase> <!-- login -->
</testsuite> <!-- FirefoxTest -->
